TN:
SF:src/KipuBankV3.sol
DA:147,20
FN:147,KipuBankV3.constructor
FNDA:20,KipuBankV3.constructor
DA:154,20
DA:155,0
BRDA:155,0,0,-
DA:156,20
DA:157,20
DA:158,20
DA:159,20
DA:160,20
DA:170,3
FN:170,KipuBankV3.hasDirectUsdcPair
FNDA:3,KipuBankV3.hasDirectUsdcPair
DA:171,5
DA:176,2
FN:176,KipuBankV3.remainingCapacity
FNDA:2,KipuBankV3.remainingCapacity
DA:177,2
BRDA:177,1,0,-
DA:178,2
DA:188,1
FN:188,KipuBankV3.setRouter
FNDA:1,KipuBankV3.setRouter
DA:189,1
BRDA:189,2,0,-
DA:190,1
DA:191,1
DA:192,1
DA:193,1
DA:198,1
FN:198,KipuBankV3.setUsdc
FNDA:1,KipuBankV3.setUsdc
DA:199,1
BRDA:199,3,0,-
DA:200,1
DA:201,1
DA:202,1
DA:207,1
FN:207,KipuBankV3.setBankCap
FNDA:1,KipuBankV3.setBankCap
DA:208,1
DA:209,1
DA:210,1
DA:215,2
FN:215,KipuBankV3.pause
FNDA:2,KipuBankV3.pause
DA:216,2
DA:221,3
FN:221,KipuBankV3.unpause
FNDA:3,KipuBankV3.unpause
DA:222,2
DA:230,3
FN:230,KipuBankV3.rescueERC20
FNDA:3,KipuBankV3.rescueERC20
DA:235,3
BRDA:235,4,0,2
DA:236,1
DA:246,11
FN:246,KipuBankV3.depositUsdc
FNDA:11,KipuBankV3.depositUsdc
DA:249,10
BRDA:249,5,0,1
DA:250,9
BRDA:250,6,0,1
DA:252,8
DA:254,8
DA:255,8
DA:258,8
DA:265,2
FN:265,KipuBankV3.depositEth
FNDA:2,KipuBankV3.depositEth
DA:269,2
BRDA:269,7,0,1
DA:270,1
BRDA:270,8,0,1
DA:272,0
DA:274,0
DA:275,0
DA:276,0
DA:278,0
DA:285,0
DA:286,0
DA:288,0
BRDA:288,9,0,-
DA:290,0
DA:291,0
DA:295,0
DA:304,4
FN:304,KipuBankV3.depositToken
FNDA:4,KipuBankV3.depositToken
DA:310,4
BRDA:310,10,0,-
DA:311,4
BRDA:311,11,0,1
DA:312,3
BRDA:312,12,0,1
DA:313,2
BRDA:313,13,0,1
DA:314,1
BRDA:314,14,0,-
DA:317,1
DA:319,1
DA:320,1
DA:322,1
DA:324,1
DA:325,1
DA:326,1
DA:328,1
DA:336,1
DA:337,1
DA:338,1
BRDA:338,15,0,1
DA:340,0
DA:341,0
DA:345,0
DA:356,3
FN:356,KipuBankV3.withdrawUsdc
FNDA:3,KipuBankV3.withdrawUsdc
DA:360,3
BRDA:360,16,0,1
DA:361,2
BRDA:361,17,0,1
DA:362,1
DA:363,1
BRDA:363,18,0,1
DA:365,0
DA:366,0
DA:369,0
DA:370,0
DA:379,1
FN:379,KipuBankV3.receive
FNDA:1,KipuBankV3.receive
DA:380,1
FNF:14
FNH:14
LF:87
LH:68
BRF:19
BRH:12
end_of_record
TN:
SF:test/mocks/MockERC20.sol
DA:14,81
FN:14,MockERC20.constructor
FNDA:81,MockERC20.constructor
DA:15,81
DA:18,0
FN:18,MockERC20.decimals
FNDA:0,MockERC20.decimals
DA:20,82
FN:20,MockERC20.mint
FNDA:82,MockERC20.mint
DA:21,82
DA:22,82
DA:23,82
DA:26,0
FN:26,MockERC20.burn
FNDA:0,MockERC20.burn
DA:27,0
BRDA:27,0,0,-
BRDA:27,0,1,-
DA:28,0
DA:29,0
DA:30,0
DA:33,1
FN:33,MockERC20.transfer
FNDA:1,MockERC20.transfer
DA:34,1
BRDA:34,1,0,-
BRDA:34,1,1,1
DA:35,1
DA:36,1
DA:37,1
DA:38,1
DA:41,62
FN:41,MockERC20.approve
FNDA:62,MockERC20.approve
DA:42,62
DA:43,62
DA:44,62
DA:47,10
FN:47,MockERC20.transferFrom
FNDA:10,MockERC20.transferFrom
DA:48,10
DA:49,10
BRDA:49,2,0,-
BRDA:49,2,1,10
DA:50,10
BRDA:50,3,0,-
BRDA:50,3,1,10
DA:51,10
BRDA:51,4,0,1
DA:52,10
DA:53,10
DA:54,10
DA:55,10
FNF:7
FNH:5
LF:31
LH:25
BRF:9
BRH:4
end_of_record
TN:
SF:test/mocks/MockUniswapV2Factory.sol
DA:7,60
FN:7,MockUniswapV2Factory.setPair
FNDA:60,MockUniswapV2Factory.setPair
DA:8,60
DA:9,60
FNF:1
FNH:1
LF:3
LH:3
BRF:0
BRH:0
end_of_record
TN:
SF:test/mocks/MockUniswapV2Router02.sol
DA:15,21
FN:15,MockUniswapV2Router02.constructor
FNDA:21,MockUniswapV2Router02.constructor
DA:16,21
DA:19,20
FN:19,MockUniswapV2Router02.setFactory
FNDA:20,MockUniswapV2Router02.setFactory
DA:20,20
DA:22,20
FN:22,MockUniswapV2Router02.setUSDC
FNDA:20,MockUniswapV2Router02.setUSDC
DA:23,20
DA:25,40
FN:25,MockUniswapV2Router02.setTokenRate
FNDA:40,MockUniswapV2Router02.setTokenRate
DA:26,40
DA:28,20
FN:28,MockUniswapV2Router02.setEthRate
FNDA:20,MockUniswapV2Router02.setEthRate
DA:29,20
DA:33,21
FN:33,MockUniswapV2Router02.factory
FNDA:21,MockUniswapV2Router02.factory
DA:34,21
DA:36,20
FN:36,MockUniswapV2Router02.WETH
FNDA:20,MockUniswapV2Router02.WETH
DA:37,20
DA:40,1
FN:40,MockUniswapV2Router02.swapExactTokensForTokens
FNDA:1,MockUniswapV2Router02.swapExactTokensForTokens
DA:47,1
BRDA:47,0,0,-
BRDA:47,0,1,1
DA:48,1
BRDA:48,1,0,-
BRDA:48,1,1,1
DA:50,1
DA:51,1
BRDA:51,2,0,-
BRDA:51,2,1,1
DA:53,1
BRDA:53,3,0,-
BRDA:53,3,1,1
DA:58,1
DA:60,1
BRDA:60,4,0,-
BRDA:60,4,1,1
DA:61,1
DA:62,1
DA:63,1
DA:64,1
DA:67,0
FN:67,MockUniswapV2Router02.swapExactETHForTokens
FNDA:0,MockUniswapV2Router02.swapExactETHForTokens
DA:73,0
BRDA:73,5,0,-
BRDA:73,5,1,-
DA:74,0
BRDA:74,6,0,-
BRDA:74,6,1,-
DA:75,0
BRDA:75,7,0,-
BRDA:75,7,1,-
DA:77,0
DA:78,0
BRDA:78,8,0,-
BRDA:78,8,1,-
DA:79,0
DA:81,0
DA:82,0
DA:83,0
FNF:9
FNH:8
LF:36
LH:26
BRF:18
BRH:5
end_of_record
