TN:
SF:src/KipuBankV3.sol
DA:147,4
FN:147,KipuBankV3.nonZeroWithdrawal
FNDA:4,KipuBankV3.nonZeroWithdrawal
DA:148,4
BRDA:148,0,0,1
DA:152,3
FN:152,KipuBankV3.onlySufficientBalance
FNDA:3,KipuBankV3.onlySufficientBalance
DA:153,3
BRDA:153,1,0,1
DA:165,23
FN:165,KipuBankV3.constructor
FNDA:23,KipuBankV3.constructor
DA:172,23
DA:173,0
BRDA:173,2,0,-
DA:174,23
DA:175,23
DA:176,23
DA:177,23
DA:178,23
DA:179,23
DA:188,0
FN:188,KipuBankV3.hasDirectUsdcPair
FNDA:0,KipuBankV3.hasDirectUsdcPair
DA:191,3
DA:196,1
FN:196,KipuBankV3.remainingCapacity
FNDA:1,KipuBankV3.remainingCapacity
DA:197,1
DA:198,1
DA:199,1
BRDA:199,3,0,-
DA:200,1
DA:210,0
FN:210,KipuBankV3.WETH
FNDA:0,KipuBankV3.WETH
DA:211,0
DA:217,1
FN:217,KipuBankV3.usdc
FNDA:1,KipuBankV3.usdc
DA:218,1
DA:224,4
FN:224,KipuBankV3.totalUsdc
FNDA:4,KipuBankV3.totalUsdc
DA:225,4
DA:231,1
FN:231,KipuBankV3.bankCap
FNDA:1,KipuBankV3.bankCap
DA:232,1
DA:238,5
FN:238,KipuBankV3.balanceOfUsdc
FNDA:5,KipuBankV3.balanceOfUsdc
DA:241,5
DA:247,1
FN:247,KipuBankV3.setRouter
FNDA:1,KipuBankV3.setRouter
DA:248,1
BRDA:248,4,0,-
DA:249,1
DA:251,1
DA:252,1
DA:253,1
DA:255,1
DA:260,1
FN:260,KipuBankV3.setUsdc
FNDA:1,KipuBankV3.setUsdc
DA:261,1
BRDA:261,5,0,-
DA:262,1
DA:263,1
DA:264,1
DA:269,2
FN:269,KipuBankV3.setBankCap
FNDA:2,KipuBankV3.setBankCap
DA:270,1
DA:271,1
DA:272,1
DA:277,2
FN:277,KipuBankV3.pause
FNDA:2,KipuBankV3.pause
DA:278,2
DA:283,1
FN:283,KipuBankV3.unpause
FNDA:1,KipuBankV3.unpause
DA:284,1
DA:292,1
FN:292,KipuBankV3.rescueERC20
FNDA:1,KipuBankV3.rescueERC20
DA:297,1
BRDA:297,6,0,-
DA:298,1
DA:308,9
FN:308,KipuBankV3.depositUsdc
FNDA:9,KipuBankV3.depositUsdc
DA:311,8
BRDA:311,7,0,1
DA:313,7
DA:314,7
BRDA:314,8,0,1
DA:316,6
DA:317,6
DA:320,6
DA:321,6
DA:323,6
DA:330,2
FN:330,KipuBankV3.depositEth
FNDA:2,KipuBankV3.depositEth
DA:334,2
BRDA:334,9,0,1
DA:335,1
DA:336,1
DA:337,1
DA:338,0
BRDA:338,10,0,-
DA:340,1
DA:341,1
DA:342,1
DA:344,1
DA:345,1
DA:346,1
DA:348,1
DA:349,1
DA:356,1
DA:357,1
DA:358,1
DA:359,1
BRDA:359,11,0,-
DA:362,1
DA:363,1
DA:366,1
DA:375,5
FN:375,KipuBankV3.depositToken
FNDA:5,KipuBankV3.depositToken
DA:381,5
BRDA:381,12,0,-
DA:382,5
DA:383,5
BRDA:383,13,0,1
DA:384,4
BRDA:384,14,0,1
DA:385,3
BRDA:385,15,0,1
DA:386,2
DA:387,2
DA:388,2
DA:389,1
BRDA:389,16,0,1
DA:391,1
DA:392,1
DA:394,1
DA:395,1
DA:396,1
DA:397,1
DA:399,1
DA:401,1
DA:402,1
DA:403,1
DA:405,1
DA:413,1
DA:414,1
DA:417,1
BRDA:417,17,0,-
DA:420,1
DA:421,1
DA:424,1
DA:435,4
FN:435,KipuBankV3.withdrawUsdc
FNDA:4,KipuBankV3.withdrawUsdc
DA:445,2
BRDA:445,18,0,1
DA:446,1
DA:447,1
DA:450,1
DA:451,1
DA:454,1
DA:456,1
DA:465,1
FN:465,KipuBankV3.receive
FNDA:1,KipuBankV3.receive
DA:466,1
FNF:21
FNH:19
LF:120
LH:115
BRF:19
BRH:10
end_of_record
TN:
SF:test/mocks/MockERC20.sol
DA:15,72
FN:15,MockERC20.constructor
FNDA:72,MockERC20.constructor
DA:16,72
DA:17,72
DA:18,72
DA:21,13
FN:21,MockERC20.mint
FNDA:13,MockERC20.mint
DA:22,13
DA:23,13
DA:24,13
DA:27,12
FN:27,MockERC20.approve
FNDA:12,MockERC20.approve
DA:28,12
DA:29,12
DA:30,12
DA:33,2
FN:33,MockERC20.transfer
FNDA:2,MockERC20.transfer
DA:34,2
DA:35,2
DA:38,7
FN:38,MockERC20.transferFrom
FNDA:7,MockERC20.transferFrom
DA:39,7
DA:40,7
BRDA:40,0,0,-
BRDA:40,0,1,7
DA:41,7
BRDA:41,1,0,7
DA:42,7
DA:44,7
DA:45,7
DA:48,9
FN:48,MockERC20._transfer
FNDA:9,MockERC20._transfer
DA:49,9
BRDA:49,2,0,-
BRDA:49,2,1,9
DA:50,9
DA:51,9
BRDA:51,3,0,-
BRDA:51,3,1,9
DA:52,9
DA:53,9
DA:54,9
FNF:6
FNH:6
LF:29
LH:29
BRF:7
BRH:4
end_of_record
TN:
SF:test/mocks/MockUniswapFactory.sol
DA:7,23
FN:7,MockUniswapFactory.setPair
FNDA:23,MockUniswapFactory.setPair
DA:8,23
DA:9,23
DA:10,23
DA:11,23
DA:14,3
FN:14,MockUniswapFactory.getPair
FNDA:3,MockUniswapFactory.getPair
DA:15,3
FNF:2
FNH:2
LF:7
LH:7
BRF:0
BRH:0
end_of_record
TN:
SF:test/mocks/MockUniswapRouter.sol
DA:13,24
FN:13,MockUniswapRouter.constructor
FNDA:24,MockUniswapRouter.constructor
DA:14,24
DA:15,24
DA:19,24
FN:19,MockUniswapRouter.factory
FNDA:24,MockUniswapRouter.factory
DA:20,24
DA:23,23
FN:23,MockUniswapRouter.WETH
FNDA:23,MockUniswapRouter.WETH
DA:24,23
DA:28,1
FN:28,MockUniswapRouter.swapExactETHForTokens
FNDA:1,MockUniswapRouter.swapExactETHForTokens
DA:34,1
BRDA:34,0,0,-
BRDA:34,0,1,1
DA:35,1
BRDA:35,1,0,-
BRDA:35,1,1,1
DA:37,1
DA:38,1
BRDA:38,2,0,-
BRDA:38,2,1,1
DA:41,1
DA:42,1
DA:43,1
DA:44,1
DA:48,1
FN:48,MockUniswapRouter.swapExactTokensForTokens
FNDA:1,MockUniswapRouter.swapExactTokensForTokens
DA:55,1
BRDA:55,3,0,-
BRDA:55,3,1,1
DA:57,1
DA:58,1
BRDA:58,4,0,-
BRDA:58,4,1,1
DA:61,1
DA:63,1
DA:64,1
DA:65,1
FNF:5
FNH:5
LF:24
LH:24
BRF:10
BRH:5
end_of_record
